<?xml version="1.0" encoding="UTF-8"?>
<testng-results ignored="0" total="5" passed="5" failed="0" skipped="0">
  <reporter-output>
  </reporter-output>
  <suite started-at="2021-07-16T20:29:29 IST" name="Default suite" finished-at="2021-07-16T20:30:08 IST" duration-ms="38725">
    <groups>
    </groups>
    <test started-at="2021-07-16T20:29:29 IST" name="Default test" finished-at="2021-07-16T20:30:08 IST" duration-ms="38725">
      <class name="com.TestLayer.ContactPageTest">
        <test-method is-config="true" signature="setUp()[pri:0, instance:com.TestLayer.ContactPageTest@691a7f8f]" started-at="2021-07-16T20:29:29 IST" name="setUp" finished-at="2021-07-16T20:29:34 IST" duration-ms="5062" status="PASS">
          <reporter-output>
          </reporter-output>
        </test-method> <!-- setUp -->
        <test-method signature="loginpageFunctionality()[pri:1, instance:com.TestLayer.ContactPageTest@691a7f8f]" started-at="2021-07-16T20:29:34 IST" name="loginpageFunctionality" finished-at="2021-07-16T20:29:38 IST" duration-ms="3677" status="PASS">
          <reporter-output>
          </reporter-output>
        </test-method> <!-- loginpageFunctionality -->
        <test-method signature="clickOnContactLink()[pri:2, instance:com.TestLayer.ContactPageTest@691a7f8f]" started-at="2021-07-16T20:29:38 IST" name="clickOnContactLink" finished-at="2021-07-16T20:29:48 IST" duration-ms="10097" status="PASS">
          <reporter-output>
          </reporter-output>
        </test-method> <!-- clickOnContactLink -->
        <test-method signature="checkEnabledStatus()[pri:3, instance:com.TestLayer.ContactPageTest@691a7f8f]" started-at="2021-07-16T20:29:48 IST" name="checkEnabledStatus" finished-at="2021-07-16T20:29:48 IST" duration-ms="19" status="PASS">
          <reporter-output>
          </reporter-output>
        </test-method> <!-- checkEnabledStatus -->
        <test-method signature="clickonCreateButton()[pri:4, instance:com.TestLayer.ContactPageTest@691a7f8f]" started-at="2021-07-16T20:29:48 IST" name="clickonCreateButton" finished-at="2021-07-16T20:29:54 IST" duration-ms="6079" status="PASS">
          <reporter-output>
          </reporter-output>
        </test-method> <!-- clickonCreateButton -->
        <test-method signature="createContact()[pri:5, instance:com.TestLayer.ContactPageTest@691a7f8f]" started-at="2021-07-16T20:29:54 IST" name="createContact" finished-at="2021-07-16T20:30:07 IST" duration-ms="13604" status="PASS">
          <reporter-output>
          </reporter-output>
        </test-method> <!-- createContact -->
        <test-method is-config="true" signature="tearDown()[pri:0, instance:com.TestLayer.ContactPageTest@691a7f8f]" started-at="2021-07-16T20:30:07 IST" name="tearDown" finished-at="2021-07-16T20:30:08 IST" duration-ms="153" status="PASS">
          <reporter-output>
          </reporter-output>
        </test-method> <!-- tearDown -->
      </class> <!-- com.TestLayer.ContactPageTest -->
    </test> <!-- Default test -->
  </suite> <!-- Default suite -->
</testng-results>
